{
  "RSpec": {
    "coverage": {
      "/Users/hugosykes/Makers/week8/instagram/app/models/user.rb": [
        1,
        null,
        null,
        1,
        null,
        null
      ],
      "/Users/hugosykes/Makers/week8/instagram/app/models/application_record.rb": [
        1,
        1,
        null
      ],
      "/Users/hugosykes/Makers/week8/instagram/app/helpers/application_helper.rb": [
        1,
        null
      ],
      "/Users/hugosykes/Makers/week8/instagram/app/helpers/comments_helper.rb": [
        1,
        null
      ],
      "/Users/hugosykes/Makers/week8/instagram/app/helpers/pictures_helper.rb": [
        1,
        null
      ],
      "/Users/hugosykes/Makers/week8/instagram/app/controllers/application_controller.rb": [
        1,
        1,
        null
      ],
      "/Users/hugosykes/Makers/week8/instagram/app/controllers/pictures_controller.rb": [
        1,
        1,
        1,
        null,
        null,
        1,
        15,
        null,
        null,
        null,
        null,
        1,
        8,
        8,
        null,
        null,
        null,
        1,
        4,
        null,
        null,
        null,
        1,
        null,
        null,
        null,
        null,
        1,
        4,
        4,
        4,
        8,
        4,
        null,
        0,
        0,
        null,
        null,
        null,
        null,
        null,
        null,
        1,
        0,
        0,
        0,
        0,
        null,
        0,
        0,
        null,
        null,
        null,
        null,
        null,
        null,
        1,
        0,
        0,
        0,
        0,
        null,
        null,
        null,
        1,
        null,
        1,
        8,
        null,
        null,
        null,
        1,
        4,
        4,
        null,
        null
      ],
      "/Users/hugosykes/Makers/week8/instagram/app/models/picture.rb": [
        1,
        1,
        1,
        1,
        0,
        0,
        null,
        null
      ],
      "/Users/hugosykes/Makers/week8/instagram/app/uploaders/image_uploader.rb": [
        1,
        null,
        null,
        null,
        1,
        null,
        null,
        1,
        null,
        null,
        null,
        null,
        1,
        57,
        null,
        null,
        null,
        null,
        null,
        null,
        null,
        null,
        null,
        null,
        null,
        null,
        null,
        null,
        null,
        null,
        null,
        null,
        1,
        1,
        null,
        null,
        1,
        1,
        null,
        null,
        null,
        null,
        1,
        24,
        null,
        null,
        null,
        null,
        null,
        null,
        null,
        null,
        null
      ],
      "/Users/hugosykes/Makers/week8/instagram/app/models/comment.rb": [
        1,
        null
      ],
      "/Users/hugosykes/Makers/week8/instagram/app/controllers/comments_controller.rb": [
        1,
        1,
        1,
        null,
        null,
        null,
        null,
        1,
        0,
        null,
        null,
        null,
        null,
        1,
        null,
        null,
        null,
        1,
        0,
        null,
        null,
        null,
        1,
        null,
        null,
        null,
        null,
        1,
        1,
        1,
        1,
        2,
        1,
        null,
        0,
        0,
        null,
        null,
        null,
        null,
        null,
        null,
        1,
        0,
        0,
        0,
        0,
        null,
        0,
        0,
        null,
        null,
        null,
        null,
        null,
        null,
        1,
        0,
        0,
        0,
        0,
        null,
        null,
        null,
        1,
        null,
        1,
        0,
        0,
        null,
        null,
        null,
        1,
        1,
        1,
        1,
        null,
        null
      ],
      "/Users/hugosykes/Makers/week8/instagram/app/mailers/application_mailer.rb": [
        0,
        0,
        0,
        0
      ],
      "/Users/hugosykes/Makers/week8/instagram/app/jobs/application_job.rb": [
        0,
        0
      ],
      "/Users/hugosykes/Makers/week8/instagram/app/channels/application_cable/connection.rb": [
        0,
        0,
        0,
        0
      ],
      "/Users/hugosykes/Makers/week8/instagram/app/channels/application_cable/channel.rb": [
        0,
        0,
        0,
        0
      ]
    },
    "timestamp": 1511173415
  }
}
