{
  "RSpec": {
    "coverage": {
      "/Users/hugosykes/Makers/week8/instagram/app/models/user.rb": [
        1,
        null,
        null,
        1,
        1,
        null,
        null
      ],
      "/Users/hugosykes/Makers/week8/instagram/app/models/application_record.rb": [
        1,
        1,
        null
      ],
      "/Users/hugosykes/Makers/week8/instagram/app/helpers/application_helper.rb": [
        1,
        null
      ],
      "/Users/hugosykes/Makers/week8/instagram/app/helpers/comments_helper.rb": [
        1,
        null
      ],
      "/Users/hugosykes/Makers/week8/instagram/app/helpers/pictures_helper.rb": [
        1,
        null
      ],
      "/Users/hugosykes/Makers/week8/instagram/app/controllers/pictures_controller.rb": [
        1,
        1,
        1,
        null,
        null,
        1,
        13,
        null,
        null,
        null,
        null,
        1,
        4,
        null,
        null,
        null,
        1,
        3,
        null,
        null,
        null,
        1,
        null,
        null,
        null,
        null,
        1,
        3,
        null,
        3,
        3,
        6,
        3,
        null,
        0,
        0,
        null,
        null,
        null,
        null,
        null,
        null,
        1,
        0,
        0,
        0,
        0,
        null,
        0,
        0,
        null,
        null,
        null,
        null,
        null,
        null,
        1,
        0,
        0,
        0,
        0,
        null,
        null,
        null,
        1,
        null,
        1,
        4,
        null,
        null,
        null,
        1,
        3,
        3,
        null,
        null
      ],
      "/Users/hugosykes/Makers/week8/instagram/app/controllers/application_controller.rb": [
        1,
        1,
        null
      ],
      "/Users/hugosykes/Makers/week8/instagram/app/models/picture.rb": [
        1,
        1,
        null
      ],
      "/Users/hugosykes/Makers/week8/instagram/app/models/comment.rb": [
        1,
        null
      ],
      "/Users/hugosykes/Makers/week8/instagram/app/mailers/application_mailer.rb": [
        0,
        0,
        0,
        0
      ],
      "/Users/hugosykes/Makers/week8/instagram/app/jobs/application_job.rb": [
        0,
        0
      ],
      "/Users/hugosykes/Makers/week8/instagram/app/controllers/comments_controller.rb": [
        0,
        0,
        0,
        null,
        null,
        null,
        null,
        0,
        0,
        0,
        null,
        null,
        null,
        0,
        0,
        null,
        null,
        0,
        0,
        0,
        null,
        null,
        0,
        0,
        null,
        null,
        null,
        0,
        0,
        null,
        0,
        0,
        0,
        0,
        0,
        0,
        0,
        0,
        0,
        0,
        null,
        null,
        null,
        0,
        0,
        0,
        0,
        0,
        0,
        0,
        0,
        0,
        0,
        0,
        null,
        null,
        null,
        0,
        0,
        0,
        0,
        0,
        0,
        0,
        null,
        0,
        null,
        0,
        0,
        0,
        null,
        null,
        0,
        0,
        0,
        0,
        0,
        0
      ],
      "/Users/hugosykes/Makers/week8/instagram/app/channels/application_cable/connection.rb": [
        0,
        0,
        0,
        0
      ],
      "/Users/hugosykes/Makers/week8/instagram/app/channels/application_cable/channel.rb": [
        0,
        0,
        0,
        0
      ]
    },
    "timestamp": 1510876927
  }
}
